[debug] [2021-08-26T15:24:40.774Z] ----------------------------------------------------------------------
[debug] [2021-08-26T15:24:40.775Z] Command:       C:\Program Files\nodejs\node.exe C:\Users\h\AppData\Roaming\npm\node_modules\firebase-tools\lib\bin\firebase.js deploy
[debug] [2021-08-26T15:24:40.776Z] CLI Version:   9.16.5
[debug] [2021-08-26T15:24:40.776Z] Platform:      win32
[debug] [2021-08-26T15:24:40.776Z] Node Version:  v14.16.1
[debug] [2021-08-26T15:24:40.779Z] Time:          Thu Aug 26 2021 21:24:40 GMT+0600 (Bangladesh Standard Time)
[debug] [2021-08-26T15:24:40.779Z] ----------------------------------------------------------------------
[debug] 
[debug] [2021-08-26T15:24:40.826Z] > command requires scopes: ["email","openid","https://www.googleapis.com/auth/cloudplatformprojects.readonly","https://www.googleapis.com/auth/firebase","https://www.googleapis.com/auth/cloud-platform"]
[debug] [2021-08-26T15:24:40.826Z] > authorizing via signed-in user (jahid0734@gmail.com)
[debug] [2021-08-26T15:24:40.827Z] [iam] checking project react-todo-app-c83d0 for permissions ["firebase.projects.get","firebasehosting.sites.update"]
[debug] [2021-08-26T15:24:40.829Z] > refreshing access token with scopes: ["email","https://www.googleapis.com/auth/cloud-platform","https://www.googleapis.com/auth/cloudplatformprojects.readonly","https://www.googleapis.com/auth/firebase","openid"]
[debug] [2021-08-26T15:24:40.829Z] >>> HTTP REQUEST POST https://www.googleapis.com/oauth2/v3/token  
 <request body omitted>
[debug] [2021-08-26T15:24:41.416Z] <<< HTTP RESPONSE 200 {"expires":"Mon, 01 Jan 1990 00:00:00 GMT","date":"Thu, 26 Aug 2021 15:24:48 GMT","pragma":"no-cache","cache-control":"no-cache, no-store, max-age=0, must-revalidate","content-type":"application/json; charset=utf-8","vary":"X-Origin, Referer, Origin,Accept-Encoding","server":"scaffolding on HTTPServer2","x-xss-protection":"0","x-frame-options":"SAMEORIGIN","x-content-type-options":"nosniff","alt-svc":"h3=\":443\"; ma=2592000,h3-29=\":443\"; ma=2592000,h3-T051=\":443\"; ma=2592000,h3-Q050=\":443\"; ma=2592000,h3-Q046=\":443\"; ma=2592000,h3-Q043=\":443\"; ma=2592000,quic=\":443\"; ma=2592000; v=\"46,43\"","accept-ranges":"none","transfer-encoding":"chunked"}
[debug] [2021-08-26T15:24:41.423Z] >>> HTTP REQUEST POST https://cloudresourcemanager.googleapis.com/v1/projects/react-todo-app-c83d0:testIamPermissions  
 {"permissions":["firebase.projects.get","firebasehosting.sites.update"]}
[debug] [2021-08-26T15:24:43.344Z] <<< HTTP RESPONSE 200 {"content-type":"application/json; charset=UTF-8","vary":"X-Origin, Referer, Origin,Accept-Encoding","date":"Thu, 26 Aug 2021 15:24:50 GMT","server":"ESF","cache-control":"private","x-xss-protection":"0","x-frame-options":"SAMEORIGIN","x-content-type-options":"nosniff","server-timing":"gfet4t7; dur=1412","alt-svc":"h3=\":443\"; ma=2592000,h3-29=\":443\"; ma=2592000,h3-T051=\":443\"; ma=2592000,h3-Q050=\":443\"; ma=2592000,h3-Q046=\":443\"; ma=2592000,h3-Q043=\":443\"; ma=2592000,quic=\":443\"; ma=2592000; v=\"46,43\"","accept-ranges":"none","transfer-encoding":"chunked"}
[debug] [2021-08-26T15:24:43.346Z] > refreshing access token with scopes: []
[debug] [2021-08-26T15:24:43.346Z] >>> HTTP REQUEST POST https://www.googleapis.com/oauth2/v3/token  
 <request body omitted>
[debug] [2021-08-26T15:24:43.857Z] <<< HTTP RESPONSE 200 {"date":"Thu, 26 Aug 2021 15:24:51 GMT","expires":"Mon, 01 Jan 1990 00:00:00 GMT","pragma":"no-cache","cache-control":"no-cache, no-store, max-age=0, must-revalidate","content-type":"application/json; charset=utf-8","vary":"X-Origin, Referer, Origin,Accept-Encoding","server":"scaffolding on HTTPServer2","x-xss-protection":"0","x-frame-options":"SAMEORIGIN","x-content-type-options":"nosniff","alt-svc":"h3=\":443\"; ma=2592000,h3-29=\":443\"; ma=2592000,h3-T051=\":443\"; ma=2592000,h3-Q050=\":443\"; ma=2592000,h3-Q046=\":443\"; ma=2592000,h3-Q043=\":443\"; ma=2592000,quic=\":443\"; ma=2592000; v=\"46,43\"","accept-ranges":"none","transfer-encoding":"chunked"}
[debug] [2021-08-26T15:24:43.864Z] >>> [apiv2][query] GET https://firebase.googleapis.com/v1beta1/projects/react-todo-app-c83d0 [none]
[debug] [2021-08-26T15:24:44.657Z] <<< [apiv2][status] GET https://firebase.googleapis.com/v1beta1/projects/react-todo-app-c83d0 200
[debug] [2021-08-26T15:24:44.657Z] <<< [apiv2][body] GET https://firebase.googleapis.com/v1beta1/projects/react-todo-app-c83d0 {"projectId":"react-todo-app-c83d0","projectNumber":"943437345067","displayName":"react-todo-app","name":"projects/react-todo-app-c83d0","resources":{"hostingSite":"react-todo-app-c83d0","storageBucket":"react-todo-app-c83d0.appspot.com","locationId":"us-central"},"state":"ACTIVE"}
[info] 
[info] === Deploying to 'react-todo-app-c83d0'...
[info] 
[info] i  deploying hosting 
[debug] [2021-08-26T15:24:44.660Z] > refreshing access token with scopes: ["email","https://www.googleapis.com/auth/cloud-platform","https://www.googleapis.com/auth/cloudplatformprojects.readonly","https://www.googleapis.com/auth/firebase","openid"]
[debug] [2021-08-26T15:24:44.660Z] >>> HTTP REQUEST POST https://www.googleapis.com/oauth2/v3/token  
 <request body omitted>
[debug] [2021-08-26T15:24:45.192Z] <<< HTTP RESPONSE 200 {"cache-control":"no-cache, no-store, max-age=0, must-revalidate","date":"Thu, 26 Aug 2021 15:24:52 GMT","expires":"Mon, 01 Jan 1990 00:00:00 GMT","pragma":"no-cache","content-type":"application/json; charset=utf-8","vary":"X-Origin, Referer, Origin,Accept-Encoding","server":"scaffolding on HTTPServer2","x-xss-protection":"0","x-frame-options":"SAMEORIGIN","x-content-type-options":"nosniff","alt-svc":"h3=\":443\"; ma=2592000,h3-29=\":443\"; ma=2592000,h3-T051=\":443\"; ma=2592000,h3-Q050=\":443\"; ma=2592000,h3-Q046=\":443\"; ma=2592000,h3-Q043=\":443\"; ma=2592000,quic=\":443\"; ma=2592000; v=\"46,43\"","accept-ranges":"none","transfer-encoding":"chunked"}
[debug] [2021-08-26T15:24:45.202Z] >>> HTTP REQUEST POST https://firebasehosting.googleapis.com/v1beta1/sites/react-todo-app-c83d0/versions  
 {"config":{"rewrites":[{"glob":"**","path":"/index.html"}]},"labels":{"deployment-tool":"cli-firebase"}}
[debug] [2021-08-26T15:24:47.749Z] <<< HTTP RESPONSE 200 {"content-type":"application/json; charset=UTF-8","vary":"X-Origin, Referer, Origin,Accept-Encoding","date":"Thu, 26 Aug 2021 15:24:55 GMT","server":"ESF","cache-control":"private","x-xss-protection":"0","x-frame-options":"SAMEORIGIN","x-content-type-options":"nosniff","alt-svc":"h3=\":443\"; ma=2592000,h3-29=\":443\"; ma=2592000,h3-T051=\":443\"; ma=2592000,h3-Q050=\":443\"; ma=2592000,h3-Q046=\":443\"; ma=2592000,h3-Q043=\":443\"; ma=2592000,quic=\":443\"; ma=2592000; v=\"46,43\"","accept-ranges":"none","transfer-encoding":"chunked"}
[info] i  hosting[react-todo-app-c83d0]: beginning deploy... 
[info] i  hosting[react-todo-app-c83d0]: found 14 files in build 
[debug] [2021-08-26T15:24:48.508Z] > refreshing access token with scopes: []
[debug] [2021-08-26T15:24:48.508Z] >>> HTTP REQUEST POST https://www.googleapis.com/oauth2/v3/token  
 <request body omitted>
[debug] [2021-08-26T15:24:48.514Z] [hosting] hash cache [YnVpbGQ] stored for 14 files
[debug] [2021-08-26T15:24:48.514Z] [hosting][hash queue][FINAL] {"max":747,"min":4,"avg":61.92857142857143,"active":0,"complete":14,"success":14,"errored":0,"retried":0,"total":14,"elapsed":756}
[debug] [2021-08-26T15:24:49.117Z] <<< HTTP RESPONSE 200 {"cache-control":"no-cache, no-store, max-age=0, must-revalidate","expires":"Mon, 01 Jan 1990 00:00:00 GMT","pragma":"no-cache","date":"Thu, 26 Aug 2021 15:24:56 GMT","content-type":"application/json; charset=utf-8","vary":"X-Origin, Referer, Origin,Accept-Encoding","server":"scaffolding on HTTPServer2","x-xss-protection":"0","x-frame-options":"SAMEORIGIN","x-content-type-options":"nosniff","alt-svc":"h3=\":443\"; ma=2592000,h3-29=\":443\"; ma=2592000,h3-T051=\":443\"; ma=2592000,h3-Q050=\":443\"; ma=2592000,h3-Q046=\":443\"; ma=2592000,h3-Q043=\":443\"; ma=2592000,quic=\":443\"; ma=2592000; v=\"46,43\"","accept-ranges":"none","transfer-encoding":"chunked"}
[debug] [2021-08-26T15:24:49.123Z] >>> [apiv2][query] POST https://firebasehosting.googleapis.com/v1beta1/sites/react-todo-app-c83d0/versions/90e1476495d1772b:populateFiles [none]
[debug] [2021-08-26T15:24:49.123Z] >>> [apiv2][body] POST https://firebasehosting.googleapis.com/v1beta1/sites/react-todo-app-c83d0/versions/90e1476495d1772b:populateFiles {"files":{"/asset-manifest.json":"f26fc57430f9303d2b8a3c134ebabed839e1e65c78adf30357930248f56225c7","/favicon.ico":"eae62e993eb980ec8a25058c39d5a51feab118bd2100c4deebb2a9c158ec11f9","/index.html":"94b98754d77e5bebe1c046162960e6abc8768ae0115cc0fe24b5e77a4ca06531","/logo192.png":"3ee59515172ee198f3be375979df15ac5345183e656720a381b8872b2a39dc8b","/manifest.json":"aff3449bdc238776f5d6d967f19ec491b36aed5fb7f23ccff6500736fd58494a","/robots.txt":"bfe106a3fb878dc83461c86818bf74fc1bdc7f28538ba613cd3e775516ce8b49","/logo512.png":"ee7e2f3fdb8209c4b6fd7bef6ba50d1b9dba30a25bb5c3126df057e1cb6f5331","/service-worker.js":"2bad45ea4cd18ce90118d17cfab1ade8b467533b3e32a220917ae19559f39590","/static/css/main.e996febb.css":"46f85225b613ec7fff486a06588a2d1fdb5fd01b7de6a1504238533afba86c10","/static/js/0.551579b0.chunk.js":"55575345b37ba19e29a32b33a29271687df6a92d8df7a358d0cb752b0272fb1b","/static/css/main.e996febb.css.map":"2cf98be4fd758ac7e457e050ea8ebee921be8a275c9c85bc8a58ca8d1e1a67c6","/static/js/0.551579b0.chunk.js.map":"138798657854deeee1fa96014d7e07dfa142a1517c980f4ed9b0c558501a07db","/static/js/main.0c38820a.js":"7652e4081d6a724c6ae352f57aeab51667bd4b530884fcdeff5be1108e1d9c87","/static/js/main.0c38820a.js.map":"aa09a7fbb4dd8e93cbc0b0b9c595023c2d6be0cf13541e86c3935524e32c19e6"}}
[debug] [2021-08-26T15:24:51.371Z] <<< [apiv2][status] POST https://firebasehosting.googleapis.com/v1beta1/sites/react-todo-app-c83d0/versions/90e1476495d1772b:populateFiles 200
[debug] [2021-08-26T15:24:51.372Z] <<< [apiv2][body] POST https://firebasehosting.googleapis.com/v1beta1/sites/react-todo-app-c83d0/versions/90e1476495d1772b:populateFiles {"uploadRequiredHashes":["f26fc57430f9303d2b8a3c134ebabed839e1e65c78adf30357930248f56225c7","94b98754d77e5bebe1c046162960e6abc8768ae0115cc0fe24b5e77a4ca06531","2bad45ea4cd18ce90118d17cfab1ade8b467533b3e32a220917ae19559f39590","aa09a7fbb4dd8e93cbc0b0b9c595023c2d6be0cf13541e86c3935524e32c19e6","7652e4081d6a724c6ae352f57aeab51667bd4b530884fcdeff5be1108e1d9c87"],"uploadUrl":"https://upload-firebasehosting.googleapis.com/upload/sites/react-todo-app-c83d0/versions/90e1476495d1772b/files"}
[debug] [2021-08-26T15:24:51.373Z] >>> [apiv2][query] POST https://upload-firebasehosting.googleapis.com/upload/sites/react-todo-app-c83d0/versions/90e1476495d1772b/files/f26fc57430f9303d2b8a3c134ebabed839e1e65c78adf30357930248f56225c7 [none]
[debug] [2021-08-26T15:24:51.373Z] >>> [apiv2][body] POST https://upload-firebasehosting.googleapis.com/upload/sites/react-todo-app-c83d0/versions/90e1476495d1772b/files/f26fc57430f9303d2b8a3c134ebabed839e1e65c78adf30357930248f56225c7 [stream]
[debug] [2021-08-26T15:24:51.374Z] >>> [apiv2][query] POST https://upload-firebasehosting.googleapis.com/upload/sites/react-todo-app-c83d0/versions/90e1476495d1772b/files/94b98754d77e5bebe1c046162960e6abc8768ae0115cc0fe24b5e77a4ca06531 [none]
[debug] [2021-08-26T15:24:51.374Z] >>> [apiv2][body] POST https://upload-firebasehosting.googleapis.com/upload/sites/react-todo-app-c83d0/versions/90e1476495d1772b/files/94b98754d77e5bebe1c046162960e6abc8768ae0115cc0fe24b5e77a4ca06531 [stream]
[debug] [2021-08-26T15:24:51.374Z] >>> [apiv2][query] POST https://upload-firebasehosting.googleapis.com/upload/sites/react-todo-app-c83d0/versions/90e1476495d1772b/files/2bad45ea4cd18ce90118d17cfab1ade8b467533b3e32a220917ae19559f39590 [none]
[debug] [2021-08-26T15:24:51.374Z] >>> [apiv2][body] POST https://upload-firebasehosting.googleapis.com/upload/sites/react-todo-app-c83d0/versions/90e1476495d1772b/files/2bad45ea4cd18ce90118d17cfab1ade8b467533b3e32a220917ae19559f39590 [stream]
[debug] [2021-08-26T15:24:51.375Z] >>> [apiv2][query] POST https://upload-firebasehosting.googleapis.com/upload/sites/react-todo-app-c83d0/versions/90e1476495d1772b/files/aa09a7fbb4dd8e93cbc0b0b9c595023c2d6be0cf13541e86c3935524e32c19e6 [none]
[debug] [2021-08-26T15:24:51.375Z] >>> [apiv2][body] POST https://upload-firebasehosting.googleapis.com/upload/sites/react-todo-app-c83d0/versions/90e1476495d1772b/files/aa09a7fbb4dd8e93cbc0b0b9c595023c2d6be0cf13541e86c3935524e32c19e6 [stream]
[debug] [2021-08-26T15:24:51.375Z] >>> [apiv2][query] POST https://upload-firebasehosting.googleapis.com/upload/sites/react-todo-app-c83d0/versions/90e1476495d1772b/files/7652e4081d6a724c6ae352f57aeab51667bd4b530884fcdeff5be1108e1d9c87 [none]
[debug] [2021-08-26T15:24:51.375Z] >>> [apiv2][body] POST https://upload-firebasehosting.googleapis.com/upload/sites/react-todo-app-c83d0/versions/90e1476495d1772b/files/7652e4081d6a724c6ae352f57aeab51667bd4b530884fcdeff5be1108e1d9c87 [stream]
[debug] [2021-08-26T15:24:51.376Z] [hosting][populate queue][FINAL] {"max":2865,"min":2865,"avg":2865,"active":0,"complete":1,"success":1,"errored":0,"retried":0,"total":1,"elapsed":2868}
[debug] [2021-08-26T15:24:51.376Z] [hosting] uploads queued: 5
